#
# There is insufficient memory for the Java Runtime Environment to continue.
# Native memory allocation (malloc) failed to allocate 1048576 bytes for AllocateHeap
# Possible reasons:
#   The system is out of physical RAM or swap space
#   The process is running with CompressedOops enabled, and the Java Heap may be blocking the growth of the native heap
# Possible solutions:
#   Reduce memory load on the system
#   Increase physical memory or swap space
#   Check if swap backing store is full
#   Decrease Java heap size (-Xmx/-Xms)
#   Decrease number of Java threads
#   Decrease Java thread stack sizes (-Xss)
#   Set larger code cache with -XX:ReservedCodeCacheSize=
# This output file may be truncated or incomplete.
#
#  Out of Memory Error (memory/allocation.inline.hpp:63), pid=17880, tid=19180
#
# JRE version:  (10.0.1+10) (build )
# Java VM: Java HotSpot(TM) 64-Bit Server VM (10.0.1+10, mixed mode, aot, tiered, compressed oops, g1 gc, windows-amd64)
# No core dump will be written. Minidumps are not enabled by default on client versions of Windows
#

---------------  S U M M A R Y ------------

Command Line: -Dfile.encoding=Cp1252 cucumber.api.cli.Main C:/Users/bruno/Desktop/bitMauaChallenge/Gupy/Cgupy/features/Validacao_Campos.feature --glue classpath: --plugin pretty --monochrome

Host: Intel(R) Core(TM) i5-3210M CPU @ 2.50GHz, 4 cores, 5G,  Windows 10 , 64 bit Build 17134 (10.0.17134.753)
Time: Fri Oct 11 23:57:18 2019 Hora oficial do Brasil elapsed time: 0 seconds (0d 0h 0m 0s)

---------------  T H R E A D  ---------------

Current thread (0x000002924f570000):  JavaThread "Unknown thread" [_thread_in_vm, id=19180, stack(0x000000fb17c00000,0x000000fb17d00000)]

Stack: [0x000000fb17c00000,0x000000fb17d00000]
Native frames: (J=compiled Java code, j=interpreted, Vv=VM code, C=native code)
V  [jvm.dll+0x5a0369]
V  [jvm.dll+0x6bcf81]
V  [jvm.dll+0x6be176]
V  [jvm.dll+0x6be803]
V  [jvm.dll+0x234998]
V  [jvm.dll+0x21b2a6]
V  [jvm.dll+0x2cb71c]
V  [jvm.dll+0x2c54c4]
V  [jvm.dll+0x69d33b]
V  [jvm.dll+0x69eb5c]
V  [jvm.dll+0x351849]
V  [jvm.dll+0x6859c2]
V  [jvm.dll+0x3ba0a3]
V  [jvm.dll+0x3bc201]
C  [javaw.exe+0x3541]
C  [javaw.exe+0xe1cf]
C  [javaw.exe+0xe376]
C  [KERNEL32.DLL+0x14034]
C  [ntdll.dll+0x73691]


---------------  P R O C E S S  ---------------

Threads class SMR info:
_java_thread_list=0x000002924d469af0, length=0, elements={
}

Java Threads: ( => current thread )

Other Threads:
  0x000002924f587800 GCTaskThread "GC Thread#0" [stack: 0x000000fb17d00000,0x000000fb17e00000] [id=1188]
  0x000002924f58a800 GCTaskThread "GC Thread#1" [stack: 0x000000fb17e00000,0x000000fb17f00000] [id=14484]
  0x000002924f58c000 GCTaskThread "GC Thread#2" [stack: 0x000000fb17f00000,0x000000fb18000000] [id=6160]
  0x000002924f58e800 GCTaskThread "GC Thread#3" [stack: 0x000000fb18000000,0x000000fb18100000] [id=6628]

[error occurred during error reporting (printing all threads), id 0xe0000001]

VM state:not at safepoint (not fully initialized)

VM Mutex/Monitor currently owned by a thread:  ([mutex/lock_event])
[0x000002924f56eae0] Heap_lock - owner thread: 0x000002924f570000

Heap address: 0x00000000a2200000, size: 1502 MB, Compressed Oops mode: Non-zero based: 0x00000000a2200000
Narrow klass base: 0x0000000000000000, Narrow klass shift: 0

GC Heap History (0 events):
No events

Deoptimization events (0 events):
No events

Classes redefined (0 events):
No events

Internal exceptions (0 events):
No events

Events (0 events):
No events


Dynamic libraries:
0x00007ff6b3e80000 - 0x00007ff6b3ebe000 	C:\Program Files\Java\jre-10.0.1\bin\javaw.exe
0x00007ff937950000 - 0x00007ff937b31000 	C:\WINDOWS\SYSTEM32\ntdll.dll
0x00007ff935920000 - 0x00007ff9359d1000 	C:\WINDOWS\System32\KERNEL32.DLL
0x00007ff934610000 - 0x00007ff934883000 	C:\WINDOWS\System32\KERNELBASE.dll
0x00007ff934ee0000 - 0x00007ff934f81000 	C:\WINDOWS\System32\ADVAPI32.dll
0x00007ff935f30000 - 0x00007ff935fce000 	C:\WINDOWS\System32\msvcrt.dll
0x00007ff937730000 - 0x00007ff93778b000 	C:\WINDOWS\System32\sechost.dll
0x00007ff9357f0000 - 0x00007ff935914000 	C:\WINDOWS\System32\RPCRT4.dll
0x00007ff934f90000 - 0x00007ff935120000 	C:\WINDOWS\System32\USER32.dll
0x00007ff9348f0000 - 0x00007ff934910000 	C:\WINDOWS\System32\win32u.dll
0x00007ff935d80000 - 0x00007ff935da8000 	C:\WINDOWS\System32\GDI32.dll
0x00007ff934470000 - 0x00007ff934601000 	C:\WINDOWS\System32\gdi32full.dll
0x00007ff934b00000 - 0x00007ff934b9f000 	C:\WINDOWS\System32\msvcp_win.dll
0x00007ff934ba0000 - 0x00007ff934c98000 	C:\WINDOWS\System32\ucrtbase.dll
0x00007ff90e4c0000 - 0x00007ff90e729000 	C:\WINDOWS\WinSxS\amd64_microsoft.windows.common-controls_6595b64144ccf1df_6.0.17134.1067_none_d401a3eb7c8ebdea\COMCTL32.dll
0x00007ff9359e0000 - 0x00007ff935d01000 	C:\WINDOWS\System32\combase.dll
0x00007ff934d50000 - 0x00007ff934dc9000 	C:\WINDOWS\System32\bcryptPrimitives.dll
0x00007ff924240000 - 0x00007ff92424a000 	C:\WINDOWS\SYSTEM32\VERSION.dll
0x00007ff9376e0000 - 0x00007ff93770d000 	C:\WINDOWS\System32\IMM32.DLL
0x00007ff8f3650000 - 0x00007ff8f373f000 	C:\Program Files\Java\jre-10.0.1\bin\msvcr120.dll
0x00007ff8f32b0000 - 0x00007ff8f3356000 	C:\Program Files\Java\jre-10.0.1\bin\msvcp120.dll
0x000000005dc50000 - 0x000000005e6c0000 	C:\Program Files\Java\jre-10.0.1\bin\server\jvm.dll
0x00007ff9376d0000 - 0x00007ff9376d8000 	C:\WINDOWS\System32\PSAPI.DLL
0x00007ff90cf00000 - 0x00007ff90cf09000 	C:\WINDOWS\SYSTEM32\WSOCK32.dll
0x00007ff935d10000 - 0x00007ff935d7c000 	C:\WINDOWS\System32\WS2_32.dll
0x00007ff92ecc0000 - 0x00007ff92ece3000 	C:\WINDOWS\SYSTEM32\WINMM.dll
0x00007ff92ec80000 - 0x00007ff92ecaa000 	C:\WINDOWS\SYSTEM32\WINMMBASE.dll
0x00007ff933d10000 - 0x00007ff933d59000 	C:\WINDOWS\System32\cfgmgr32.dll
0x00007ff9309d0000 - 0x00007ff9309df000 	C:\Program Files\Java\jre-10.0.1\bin\verify.dll
0x00007ff923530000 - 0x00007ff9236f9000 	C:\WINDOWS\SYSTEM32\DBGHELP.DLL
0x00007ff923290000 - 0x00007ff9232b9000 	C:\WINDOWS\SYSTEM32\dbgcore.DLL
0x00007ff9296b0000 - 0x00007ff9296d7000 	C:\Program Files\Java\jre-10.0.1\bin\java.dll
0x00007ff9297c0000 - 0x00007ff9297d6000 	C:\Program Files\Java\jre-10.0.1\bin\zip.dll
0x00007ff930930000 - 0x00007ff93093a000 	C:\Program Files\Java\jre-10.0.1\bin\jimage.dll

dbghelp: loaded successfully - version: 4.0.5 - missing functions: none
symbol engine: initialized successfully - sym options: 0x614 - pdb path: .;C:\Program Files\Java\jre-10.0.1\bin;C:\WINDOWS\SYSTEM32;C:\WINDOWS\WinSxS\amd64_microsoft.windows.common-controls_6595b64144ccf1df_6.0.17134.1067_none_d401a3eb7c8ebdea;C:\Program Files\Java\jre-10.0.1\bin\server

VM Arguments:
jvm_args: -Dfile.encoding=Cp1252 
java_command: cucumber.api.cli.Main C:/Users/bruno/Desktop/bitMauaChallenge/Gupy/Cgupy/features/Validacao_Campos.feature --glue classpath: --plugin pretty --monochrome
java_class_path (initial): C:\Users\bruno\Desktop\bitMauaChallenge\Gupy\Cgupy\bin;C:\Users\bruno\.p2\pool\plugins\org.junit_4.12.0.v201504281640\junit.jar;C:\Users\bruno\.p2\pool\plugins\org.hamcrest.core_1.3.0.v20180420-1519.jar;C:\Users\bruno\Desktop\bitMauaChallenge\LIBS\cucumber-core-2.4.0.jar;C:\Users\bruno\Desktop\bitMauaChallenge\LIBS\cucumber-extentsreport-3.1.1.jar;C:\Users\bruno\Desktop\bitMauaChallenge\LIBS\cucumber-html-0.2.7.jar;C:\Users\bruno\Desktop\bitMauaChallenge\LIBS\cucumber-java-2.4.0.jar;C:\Users\bruno\Desktop\bitMauaChallenge\LIBS\cucumber-junit-2.4.0.jar;C:\Users\bruno\Desktop\bitMauaChallenge\LIBS\cucumber-jvm-deps-1.0.6.jar;C:\Users\bruno\Desktop\bitMauaChallenge\LIBS\extentreports-4.0.9.jar;C:\Users\bruno\Desktop\bitMauaChallenge\LIBS\gherkin-5.0.0.jar;C:\Users\bruno\Desktop\bitMauaChallenge\LIBS\junit-4.12.jar;C:\Users\bruno\Desktop\bitMauaChallenge\LIBS\mockito-all-1.10.19.jar;C:\Users\bruno\Desktop\bitMauaChallenge\LIBS\selenium-server-standalone-3.141.59.jar
Launcher Type: SUN_STANDARD

Logging:
Log output configuration:
#0: stdout all=warning uptime,level,tags
#1: stderr all=off uptime,level,tags

Environment Variables:
PATH=C:/Program Files/Java/Nova pasta/bin/server;C:/Program Files/Java/Nova pasta/bin;C:/Program Files/Java/Nova pasta/lib/amd64;C:\ProgramData\DockerDesktop\version-bin;C:\Program Files\Docker\Docker\Resources\bin;C:\Program Files (x86)\Common Files\Oracle\Java\javapath;C:\ProgramData\Oracle\Java\javapath;C:\WINDOWS\system32;C:\WINDOWS;C:\WINDOWS\System32\Wbem;C:\WINDOWS\System32\WindowsPowerShell\v1.0\;C:\Users\bruno\Desktop\ff\ffmpeg\bin;C:\Program Files (x86)\QuickTime\QTSystem\;C:\Program Files\Microsoft SQL Server\Client SDK\ODBC\130\Tools\Binn\;C:\Program Files (x86)\Microsoft SQL Server\140\Tools\Binn\;C:\Program Files\Microsoft SQL Server\140\Tools\Binn\;C:\Program Files\Microsoft SQL Server\140\DTS\Binn\;C:\Program Files (x86)\Microsoft SQL Server\Client SDK\ODBC\130\Tools\Binn\;C:\Program Files (x86)\Microsoft SQL Server\140\DTS\Binn\;C:\Program Files (x86)\Microsoft SQL Server\140\Tools\Binn\ManagementStudio\;C:\WINDOWS\System32\OpenSSH\;C:\Program Files\nodejs\;C:\Users\bruno\AppData\Local\Microsoft\WindowsApps;C:\Users\bruno\Desktop\ff\ffmpeg\bin;C:\Users\bruno\AppData\Roaming\npm;C:\Users\bruno\AppData\Local\Programs\Microsoft VS Code\bin;C:\Program Files\Git\bin;;C:\Users\bruno\Desktop;
USERNAME=bruno
OS=Windows_NT
PROCESSOR_IDENTIFIER=Intel64 Family 6 Model 58 Stepping 9, GenuineIntel



---------------  S Y S T E M  ---------------

OS: Windows 10 , 64 bit Build 17134 (10.0.17134.753)

CPU:total 4 (initial active 4) (2 cores per cpu, 2 threads per core) family 6 model 58 stepping 9, cmov, cx8, fxsr, mmx, sse, sse2, sse3, ssse3, sse4.1, sse4.2, popcnt, avx, aes, clmul, erms, ht, tsc, tscinvbit, tscinv

Memory: 4k page, physical 6145756k(466788k free), swap 8099324k(5724k free)

vm_info: Java HotSpot(TM) 64-Bit Server VM (10.0.1+10) for windows-amd64 JRE (10.0.1+10), built on Mar 27 2018 02:27:48 by "mach5one" with MS VC++ 12.0 (VS2013)

END.
